<?xml version="1.0" encoding="UTF-8"?>
<testsuite name="JUnit Vintage" tests="0" skipped="0" failures="0" errors="0" time="0.004" hostname="US-PF2CBSL8" timestamp="2021-04-19T12:16:27">
<properties>
<property name="file.encoding" value="Cp1252"/>
<property name="file.separator" value="\"/>
<property name="java.class.path" value="C:\Users\gmahesh20\Downloads\MG-AutoTest-master\MG-AutoTest-master\build\classes;C:\Users\gmahesh20\Downloads\MG-AutoTest-master\MG-AutoTest-master\lib\apiguardian-api-1.1.0.jar;C:\Users\gmahesh20\Downloads\MG-AutoTest-master\MG-AutoTest-master\lib\hamcrest-core-1.3.jar;C:\Users\gmahesh20\Downloads\MG-AutoTest-master\MG-AutoTest-master\lib\junit-4.12.jar;C:\Users\gmahesh20\Downloads\MG-AutoTest-master\MG-AutoTest-master\lib\junit-jupiter-api-5.5.2.jar;C:\Users\gmahesh20\Downloads\MG-AutoTest-master\MG-AutoTest-master\lib\junit-jupiter-engine-5.5.2.jar;C:\Users\gmahesh20\Downloads\MG-AutoTest-master\MG-AutoTest-master\lib\junit-jupiter-migration-support-5.0.0-M3.jar;C:\Users\gmahesh20\Downloads\MG-AutoTest-master\MG-AutoTest-master\lib\junit-platform-commons-1.5.2.jar;C:\Users\gmahesh20\Downloads\MG-AutoTest-master\MG-AutoTest-master\lib\junit-platform-engine-1.5.2.jar;C:\Users\gmahesh20\Downloads\MG-AutoTest-master\MG-AutoTest-master\lib\junit-platform-launcher-1.5.2.jar;C:\Users\gmahesh20\Downloads\MG-AutoTest-master\MG-AutoTest-master\lib\junit-vintage-engine-5.5.2.jar;C:\Users\gmahesh20\Downloads\MG-AutoTest-master\MG-AutoTest-master\lib\opentest4j-1.1.1.jar;C:\Users\gmahesh20\Downloads\MG-AutoTest-master\MG-AutoTest-master\lib\jackson-annotations-2.10.2.jar;C:\Users\gmahesh20\Downloads\MG-AutoTest-master\MG-AutoTest-master\lib\jackson-core-2.10.2.jar;C:\Users\gmahesh20\Downloads\MG-AutoTest-master\MG-AutoTest-master\lib\jackson-databind-2.10.2.jar;C:\Users\gmahesh20\Downloads\MG-AutoTest-master\MG-AutoTest-master\lib\log4j-1.2.16.jar;C:\Users\gmahesh20\Downloads\MG-AutoTest-master\MG-AutoTest-master\lib\junit-platform-console-standalone-1.5.2.jar;C:\Users\gmahesh20\Downloads\MG-AutoTest-master\MG-AutoTest-master\lib\codemodel-2.2-javadoc.jar;C:\Users\gmahesh20\Downloads\MG-AutoTest-master\MG-AutoTest-master\lib\codemodel-2.2-sources.jar;C:\Users\gmahesh20\Downloads\MG-AutoTest-master\MG-AutoTest-master\lib\codemodel-2.2.jar;C:\Users\gmahesh20\Downloads\MG-AutoTest-master\MG-AutoTest-master\lib\csvjdbc.jar;C:\Users\gmahesh20\Downloads\MG-AutoTest-master\MG-AutoTest-master\lib\db2jcc_license_cu.jar;C:\Users\gmahesh20\Downloads\MG-AutoTest-master\MG-AutoTest-master\lib\db2jcc4.jar;C:\Users\gmahesh20\Downloads\MG-AutoTest-master\MG-AutoTest-master\lib\jtds-1.2.8.jar;C:\Users\gmahesh20\Downloads\MG-AutoTest-master\MG-AutoTest-master\lib\junit-4.8.2.jar;C:\Users\gmahesh20\Downloads\MG-AutoTest-master\MG-AutoTest-master\lib\JUnitParams-0.3.6.jar;C:\Users\gmahesh20\Downloads\MG-AutoTest-master\MG-AutoTest-master\lib\mssql-jdbc-7.0.0.jre8.jar;C:\Users\gmahesh20\Downloads\MG-AutoTest-master\MG-AutoTest-master\lib\ojdbc6-11.1.0.jar;C:\Users\gmahesh20\Downloads\MG-AutoTest-master\MG-AutoTest-master\lib\ojdbc8-12.2.0.1.0.jar;C:\Users\gmahesh20\Downloads\MG-AutoTest-master\MG-AutoTest-master\lib\poi-excelant-3.10-FINAL-20140208.jar;C:\Users\gmahesh20\Downloads\MG-AutoTest-master\MG-AutoTest-master\lib\poi-ooxml-3.10-FINAL-20140208.jar;C:\Users\gmahesh20\Downloads\MG-AutoTest-master\MG-AutoTest-master\lib\poi-ooxml-schemas-3.10-FINAL-20140208.jar;C:\Users\gmahesh20\Downloads\MG-AutoTest-master\MG-AutoTest-master\lib\poi-scratchpad-3.10-FINAL-20140208.jar;C:\Users\gmahesh20\Downloads\MG-AutoTest-master\MG-AutoTest-master\lib\sqljdbc4.jar;C:\Users\gmahesh20\Downloads\MG-AutoTest-master\MG-AutoTest-master\lib\slf4j-api-1.6.6.jar;C:\Users\gmahesh20\Downloads\MG-AutoTest-master\MG-AutoTest-master\lib\commons-dbutils-1.7.jar;C:\Users\gmahesh20\Downloads\MG-AutoTest-master\MG-AutoTest-master\lib\HikariCP-3.2.0.jar;C:\Users\gmahesh20\Downloads\MG-AutoTest-master\MG-AutoTest-master\lib\slf4j-log4j12-1.6.6.jar;C:\Users\gmahesh20\Downloads\MG-AutoTest-master\MG-AutoTest-master\lib\yank-3.3.3.jar;C:\Users\gmahesh20\Downloads\MG-AutoTest-master\MG-AutoTest-master\lib\org.jacoco.ant-0.8.6.jar"/>
<property name="java.class.version" value="59.0"/>
<property name="java.home" value="C:\Users\gmahesh20\Downloads\eclipse-jee-2021-03-R-win32-x86_64\eclipse\plugins\org.eclipse.justj.openjdk.hotspot.jre.full.win32.x86_64_15.0.2.v20210201-0955\jre"/>
<property name="java.io.tmpdir" value="C:\Users\GMAHES~1\AppData\Local\Temp\"/>
<property name="java.library.path" value="C:\Users\gmahesh20\Downloads\eclipse-jee-2021-03-R-win32-x86_64\eclipse\plugins\org.eclipse.justj.openjdk.hotspot.jre.full.win32.x86_64_15.0.2.v20210201-0955\jre\bin;C:\WINDOWS\Sun\Java\bin;C:\WINDOWS\system32;C:\WINDOWS;C:/Users/gmahesh20/Downloads/eclipse-jee-2021-03-R-win32-x86_64/eclipse//plugins/org.eclipse.justj.openjdk.hotspot.jre.full.win32.x86_64_15.0.2.v20210201-0955/jre/bin/server;C:/Users/gmahesh20/Downloads/eclipse-jee-2021-03-R-win32-x86_64/eclipse//plugins/org.eclipse.justj.openjdk.hotspot.jre.full.win32.x86_64_15.0.2.v20210201-0955/jre/bin;C:\Program Files (x86)\Common Files\Oracle\Java\javapath;C:\Program Files\Common Files\Oracle\Java\javapath;C:\Oracle\Win64\product\11.2.0\client_2\bin;C:\WINDOWS\system32;C:\WINDOWS;C:\WINDOWS\System32\Wbem;C:\WINDOWS\System32\WindowsPowerShell\v1.0\;C:\WINDOWS\System32\OpenSSH\;C:\Program Files (x86)\Symantec\VIP Access Client\;C:\Program Files\Git\cmd;C:\Program Files (x86)\Pulse Secure\VC142.CRT\X64\;C:\Program Files (x86)\Pulse Secure\VC142.CRT\X86\;C:\Program Files\Docker\Docker\resources\bin;C:\ProgramData\DockerDesktop\version-bin;C:\Soft\apache-maven-3.6.3\bin;C:\Program Files\Java\jdk-11.0.10\bin;C:\Users\gmahesh20\Downloads\apache-ant-1.9.15-bin\apache-ant-1.9.15\bin;C:\Users\gmahesh20\AppData\Local\Microsoft\WindowsApps;C:\Users\gmahesh20\Downloads\eclipse-jee-2021-03-R-win32-x86_64\eclipse;;."/>
<property name="java.runtime.name" value="OpenJDK Runtime Environment"/>
<property name="java.runtime.version" value="15.0.2+7-27"/>
<property name="java.specification.name" value="Java Platform API Specification"/>
<property name="java.specification.vendor" value="Oracle Corporation"/>
<property name="java.specification.version" value="15"/>
<property name="java.vendor" value="Oracle Corporation"/>
<property name="java.vendor.url" value="https://java.oracle.com/"/>
<property name="java.vendor.url.bug" value="https://bugreport.java.com/bugreport/"/>
<property name="java.version" value="15.0.2"/>
<property name="java.version.date" value="2021-01-19"/>
<property name="java.vm.compressedOopsMode" value="Zero based"/>
<property name="java.vm.info" value="mixed mode"/>
<property name="java.vm.name" value="OpenJDK 64-Bit Server VM"/>
<property name="java.vm.specification.name" value="Java Virtual Machine Specification"/>
<property name="java.vm.specification.vendor" value="Oracle Corporation"/>
<property name="java.vm.specification.version" value="15"/>
<property name="java.vm.vendor" value="Oracle Corporation"/>
<property name="java.vm.version" value="15.0.2+7-27"/>
<property name="jdk.debug" value="release"/>
<property name="line.separator" value="
"/>
<property name="os.arch" value="amd64"/>
<property name="os.name" value="Windows 10"/>
<property name="os.version" value="10.0"/>
<property name="path.separator" value=";"/>
<property name="sun.arch.data.model" value="64"/>
<property name="sun.boot.library.path" value="C:\Users\gmahesh20\Downloads\eclipse-jee-2021-03-R-win32-x86_64\eclipse\plugins\org.eclipse.justj.openjdk.hotspot.jre.full.win32.x86_64_15.0.2.v20210201-0955\jre\bin"/>
<property name="sun.cpu.endian" value="little"/>
<property name="sun.cpu.isalist" value="amd64"/>
<property name="sun.io.unicode.encoding" value="UnicodeLittle"/>
<property name="sun.java.command" value="org.junit.platform.console.ConsoleLauncher --scan-classpath --reports-dir build/test-report"/>
<property name="sun.java.launcher" value="SUN_STANDARD"/>
<property name="sun.jnu.encoding" value="Cp1252"/>
<property name="sun.management.compiler" value="HotSpot 64-Bit Tiered Compilers"/>
<property name="sun.os.patch.level" value=""/>
<property name="user.country" value="US"/>
<property name="user.dir" value="C:\Users\gmahesh20\Downloads\MG-AutoTest-master\MG-AutoTest-master"/>
<property name="user.home" value="C:\Users\gmahesh20"/>
<property name="user.language" value="en"/>
<property name="user.name" value="gmahesh20"/>
<property name="user.script" value=""/>
<property name="user.timezone" value="Asia/Calcutta"/>
<property name="user.variant" value=""/>
</properties>
<system-out><![CDATA[
unique-id: [engine:junit-vintage]
display-name: JUnit Vintage
]]></system-out>
</testsuite>
